<?xml version="1.0" encoding="UTF-8"?>
<!-- Generated by org.testng.reporters.JUnitXMLReporter -->
<testsuite ignored="0" hostname="TABLET-MFSEJGSN" failures="1" tests="6" name="Build_01_result" time="9.112" errors="0" timestamp="28 Nov 2023 18:13:07 GMT">
  <testcase classname="testNGConcepts.AnnotationBasics2" name="first" time="0.007"/>
  <testcase classname="testNGConcepts.AnnotationBasics2" name="last" time="0.002"/>
  <testcase classname="testNGConcepts.AnnotationsBasics1" name="abc" time="0.002"/>
  <testcase classname="testNGConcepts.AnnotationsBasics1" name="cde" time="0.001">
    <failure type="java.lang.Error" message="Unresolved compilation problem: 
	String literal is not properly closed by a double-quote
">
      <![CDATA[java.lang.Error: Unresolved compilation problem: 
	String literal is not properly closed by a double-quote

	at testNGConcepts.AnnotationsBasics1.cde(AnnotationsBasics1.java:15)
... Removed 25 stack frames]]>
    </failure>
  </testcase> <!-- cde -->
  <testcase classname="testNGConcepts.FirstTestNGClass" name="f" time="6.665"/>
  <testcase classname="testNGConcepts.FB_loginTestNG" name="login" time="1.401"/>
</testsuite> <!-- Build_01_result -->
