<?xml version="1.0" encoding="UTF-8"?>
<!-- Generated by org.testng.reporters.JUnitXMLReporter -->
<testsuite ignored="0" hostname="TABLET-MFSEJGSN" failures="0" tests="6" name="Test" time="9.566" errors="0" timestamp="2023-11-28T12:41:31 CST">
  <testcase classname="testNGConcepts.AnnotationsBasics1" name="abc" time="0.008"/>
  <testcase classname="testNGConcepts.AnnotationsBasics1" name="cde" time="0.002"/>
  <testcase classname="testNGConcepts.FB_loginTestNG" name="login" time="2.364"/>
  <testcase classname="testNGConcepts.AnnotationBasics2" name="first" time="0.002"/>
  <testcase classname="testNGConcepts.AnnotationBasics2" name="last" time="0.001"/>
  <testcase classname="testNGConcepts.FirstTestNGClass" name="f" time="4.236"/>
</testsuite> <!-- Test -->
