<?xml version="1.0" encoding="UTF-8"?>
<testng-results ignored="0" total="1" passed="1" failed="0" skipped="0">
  <reporter-output>
  </reporter-output>
  <suite started-at="2023-11-28T13:06:30 CST" name="Default suite" finished-at="2023-11-28T13:06:35 CST" duration-ms="5509">
    <groups>
    </groups>
    <test started-at="2023-11-28T13:06:30 CST" name="Default test" finished-at="2023-11-28T13:06:35 CST" duration-ms="5509">
      <class name="testNGConcepts.FB_loginTestNG">
        <test-method is-config="true" signature="beforeClass(java.lang.String)[pri:0, instance:testNGConcepts.FB_loginTestNG@27406a17]" started-at="2023-11-28T13:06:30 CST" name="beforeClass" finished-at="2023-11-28T13:06:33 CST" duration-ms="3427" status="PASS">
          <params>
            <param index="0">
              <value>
                <![CDATA[chrome]]>
              </value>
            </param>
          </params>
          <reporter-output>
          </reporter-output>
        </test-method> <!-- beforeClass -->
        <test-method signature="login()[pri:0, instance:testNGConcepts.FB_loginTestNG@27406a17]" started-at="2023-11-28T13:06:33 CST" name="login" finished-at="2023-11-28T13:06:35 CST" duration-ms="1751" status="PASS">
          <reporter-output>
          </reporter-output>
        </test-method> <!-- login -->
        <test-method is-config="true" signature="afterClass()[pri:0, instance:testNGConcepts.FB_loginTestNG@27406a17]" started-at="2023-11-28T13:06:35 CST" name="afterClass" finished-at="2023-11-28T13:06:35 CST" duration-ms="278" status="PASS">
          <reporter-output>
          </reporter-output>
        </test-method> <!-- afterClass -->
      </class> <!-- testNGConcepts.FB_loginTestNG -->
    </test> <!-- Default test -->
  </suite> <!-- Default suite -->
</testng-results>
