<?xml version="1.0" encoding="UTF-8"?>
<!-- Generated by org.testng.reporters.JUnitXMLReporter -->
<testsuite ignored="1" hostname="TABLET-MFSEJGSN" failures="0" tests="1" name="Build_01_result(failed)" time="0.022" errors="0" timestamp="28 Nov 2023 18:16:05 GMT">
  <testcase classname="testNGConcepts.AnnotationsBasics1" name="cde" time="0.004"/>
  <testcase classname="testNGConcepts.AnnotationsBasics1" name="abc" time="0.0">
    <ignored/>
  </testcase> <!-- abc -->
</testsuite> <!-- Build_01_result(failed) -->
